Build started 4/1/2014 11:49:00 AM.
     1>Project "C:\ChaoLi\workstation\C_workspace\Test\C_Exception\C_Exception.vcxproj" on node 2 (build target(s)).
     1>InitializeBuildStatus:
         Creating "Debug\C_Exception.unsuccessfulbuild" because "AlwaysCreate" was specified.
       ClCompile:
         c:\Program Files\Microsoft Visual Studio 10.0\VC\bin\CL.exe /c /ZI /nologo /W3 /WX- /Od /Oy- /D _MBCS /Gm /EHsc /RTC1 /MDd /GS /fp:precise /Zc:wchar_t /Zc:forScope /Fo"Debug\\" /Fd"Debug\vc100.pdb" /Gd /TC /analyze- /errorReport:prompt main.c
         main.c
     1>c:\chaoli\workstation\c_workspace\test\c_exception\main.c(26): warning C4996: 'getch': The POSIX name for this item is deprecated. Instead, use the ISO C++ conformant name: _getch. See online help for details.
                 c:\program files\microsoft visual studio 10.0\vc\include\conio.h(128) : see declaration of 'getch'
     1>c:\chaoli\workstation\c_workspace\test\c_exception\main.c(18): warning C4101: 'temp' : unreferenced local variable
       Link:
         c:\Program Files\Microsoft Visual Studio 10.0\VC\bin\link.exe /ERRORREPORT:PROMPT /OUT:"C:\ChaoLi\workstation\C_workspace\Test\Debug\C_Exception.exe" /NOLOGO kernel32.lib user32.lib gdi32.lib winspool.lib comdlg32.lib advapi32.lib shell32.lib ole32.lib oleaut32.lib uuid.lib odbc32.lib odbccp32.lib /MANIFEST /ManifestFile:"Debug\C_Exception.exe.intermediate.manifest" /MANIFESTUAC:"level='asInvoker' uiAccess='false'" /DEBUG /PDB:"C:\ChaoLi\workstation\C_workspace\Test\Debug\C_Exception.pdb" /TLBID:1 /DYNAMICBASE /NXCOMPAT /IMPLIB:"C:\ChaoLi\workstation\C_workspace\Test\Debug\C_Exception.lib" /MACHINE:X86 Debug\main.obj
         LINK : C:\ChaoLi\workstation\C_workspace\Test\Debug\C_Exception.exe not found or not built by the last incremental link; performing full link
         C_Exception.vcxproj -> C:\ChaoLi\workstation\C_workspace\Test\Debug\C_Exception.exe
       Manifest:
         C:\Program Files\Microsoft SDKs\Windows\v7.0A\bin\mt.exe /nologo /verbose /outputresource:"C:\ChaoLi\workstation\C_workspace\Test\Debug\C_Exception.exe;#1" /manifest Debug\C_Exception.exe.intermediate.manifest
       FinalizeBuildStatus:
         Deleting file "Debug\C_Exception.unsuccessfulbuild".
         Touching "Debug\C_Exception.lastbuildstate".
     1>Done Building Project "C:\ChaoLi\workstation\C_workspace\Test\C_Exception\C_Exception.vcxproj" (build target(s)).

Build succeeded.

Time Elapsed 00:00:10.20
