Build started 2/25/2014 9:47:15 AM.
     1>Project "C:\ChaoLi\workstation\C_workspace\Test\Count_Sort\Count_Sort.vcxproj" on node 3 (build target(s)).
     1>InitializeBuildStatus:
         Creating "Debug\Count_Sort.unsuccessfulbuild" because "AlwaysCreate" was specified.
       ClCompile:
         c:\Program Files\Microsoft Visual Studio 10.0\VC\bin\CL.exe /c /ZI /nologo /W3 /WX- /Od /Oy- /D _MBCS /Gm /EHsc /RTC1 /MDd /GS /fp:precise /Zc:wchar_t /Zc:forScope /Fo"Debug\\" /Fd"Debug\vc100.pdb" /Gd /TC /analyze- /errorReport:prompt main.c
         main.c
     1>c:\chaoli\workstation\c_workspace\test\count_sort\main.c(26): warning C4244: 'function' : conversion from 'time_t' to 'unsigned int', possible loss of data
     1>c:\chaoli\workstation\c_workspace\test\count_sort\main.c(45): warning C4996: 'getch': The POSIX name for this item is deprecated. Instead, use the ISO C++ conformant name: _getch. See online help for details.
                 c:\program files\microsoft visual studio 10.0\vc\include\conio.h(128) : see declaration of 'getch'
     1>c:\chaoli\workstation\c_workspace\test\count_sort\main.c(58): warning C4554: '&' : check operator precedence for possible error; use parentheses to clarify precedence
       Link:
         c:\Program Files\Microsoft Visual Studio 10.0\VC\bin\link.exe /ERRORREPORT:PROMPT /OUT:"C:\ChaoLi\workstation\C_workspace\Test\Debug\Count_Sort.exe" /NOLOGO kernel32.lib user32.lib gdi32.lib winspool.lib comdlg32.lib advapi32.lib shell32.lib ole32.lib oleaut32.lib uuid.lib odbc32.lib odbccp32.lib /MANIFEST /ManifestFile:"Debug\Count_Sort.exe.intermediate.manifest" /MANIFESTUAC:"level='asInvoker' uiAccess='false'" /DEBUG /PDB:"C:\ChaoLi\workstation\C_workspace\Test\Debug\Count_Sort.pdb" /TLBID:1 /DYNAMICBASE /NXCOMPAT /IMPLIB:"C:\ChaoLi\workstation\C_workspace\Test\Debug\Count_Sort.lib" /MACHINE:X86 Debug\main.obj
         Count_Sort.vcxproj -> C:\ChaoLi\workstation\C_workspace\Test\Debug\Count_Sort.exe
       Manifest:
         C:\Program Files\Microsoft SDKs\Windows\v7.0A\bin\mt.exe /nologo /verbose /outputresource:"C:\ChaoLi\workstation\C_workspace\Test\Debug\Count_Sort.exe;#1" /manifest Debug\Count_Sort.exe.intermediate.manifest
       FinalizeBuildStatus:
         Deleting file "Debug\Count_Sort.unsuccessfulbuild".
         Touching "Debug\Count_Sort.lastbuildstate".
     1>Done Building Project "C:\ChaoLi\workstation\C_workspace\Test\Count_Sort\Count_Sort.vcxproj" (build target(s)).

Build succeeded.

Time Elapsed 00:00:04.82
