Build started 2/27/2014 9:45:03 AM.
     1>Project "C:\ChaoLi\workstation\C_workspace\Test\Binary_Tree\Binary_Tree.vcxproj" on node 3 (build target(s)).
     1>InitializeBuildStatus:
         Creating "Debug\Binary_Tree.unsuccessfulbuild" because "AlwaysCreate" was specified.
       ClCompile:
         c:\Program Files\Microsoft Visual Studio 10.0\VC\bin\CL.exe /c /ZI /nologo /W3 /WX- /Od /Oy- /D _MBCS /Gm /EHsc /RTC1 /MDd /GS /fp:precise /Zc:wchar_t /Zc:forScope /Fo"Debug\\" /Fd"Debug\vc100.pdb" /Gd /TC /analyze- /errorReport:prompt main.c
         main.c
     1>c:\chaoli\workstation\c_workspace\test\binary_tree\main.c(37): warning C4996: 'scanf': This function or variable may be unsafe. Consider using scanf_s instead. To disable deprecation, use _CRT_SECURE_NO_WARNINGS. See online help for details.
                 c:\program files\microsoft visual studio 10.0\vc\include\stdio.h(304) : see declaration of 'scanf'
     1>c:\chaoli\workstation\c_workspace\test\binary_tree\main.c(45): warning C4996: 'scanf': This function or variable may be unsafe. Consider using scanf_s instead. To disable deprecation, use _CRT_SECURE_NO_WARNINGS. See online help for details.
                 c:\program files\microsoft visual studio 10.0\vc\include\stdio.h(304) : see declaration of 'scanf'
     1>c:\chaoli\workstation\c_workspace\test\binary_tree\main.c(52): warning C4996: 'getch': The POSIX name for this item is deprecated. Instead, use the ISO C++ conformant name: _getch. See online help for details.
                 c:\program files\microsoft visual studio 10.0\vc\include\conio.h(128) : see declaration of 'getch'
       Link:
         c:\Program Files\Microsoft Visual Studio 10.0\VC\bin\link.exe /ERRORREPORT:PROMPT /OUT:"C:\ChaoLi\workstation\C_workspace\Test\Debug\Binary_Tree.exe" /NOLOGO kernel32.lib user32.lib gdi32.lib winspool.lib comdlg32.lib advapi32.lib shell32.lib ole32.lib oleaut32.lib uuid.lib odbc32.lib odbccp32.lib /MANIFEST /ManifestFile:"Debug\Binary_Tree.exe.intermediate.manifest" /MANIFESTUAC:"level='asInvoker' uiAccess='false'" /DEBUG /PDB:"C:\ChaoLi\workstation\C_workspace\Test\Debug\Binary_Tree.pdb" /TLBID:1 /DYNAMICBASE /NXCOMPAT /IMPLIB:"C:\ChaoLi\workstation\C_workspace\Test\Debug\Binary_Tree.lib" /MACHINE:X86 Debug\main.obj
         LINK : C:\ChaoLi\workstation\C_workspace\Test\Debug\Binary_Tree.exe not found or not built by the last incremental link; performing full link
         Binary_Tree.vcxproj -> C:\ChaoLi\workstation\C_workspace\Test\Debug\Binary_Tree.exe
       Manifest:
         C:\Program Files\Microsoft SDKs\Windows\v7.0A\bin\mt.exe /nologo /verbose /outputresource:"C:\ChaoLi\workstation\C_workspace\Test\Debug\Binary_Tree.exe;#1" /manifest Debug\Binary_Tree.exe.intermediate.manifest
       FinalizeBuildStatus:
         Deleting file "Debug\Binary_Tree.unsuccessfulbuild".
         Touching "Debug\Binary_Tree.lastbuildstate".
     1>Done Building Project "C:\ChaoLi\workstation\C_workspace\Test\Binary_Tree\Binary_Tree.vcxproj" (build target(s)).

Build succeeded.

Time Elapsed 00:00:08.17
