Build started 4/24/2014 10:10:18 AM.
     1>Project "C:\ChaoLi\workstation\C_workspace\Test\Exc2\Exc2.vcxproj" on node 2 (build target(s)).
     1>InitializeBuildStatus:
         Creating "Debug\Exc2.unsuccessfulbuild" because "AlwaysCreate" was specified.
       ClCompile:
         c:\Program Files\Microsoft Visual Studio 10.0\VC\bin\CL.exe /c /ZI /nologo /W3 /WX- /Od /Oy- /D _MBCS /Gm /EHsc /RTC1 /MDd /GS /fp:precise /Zc:wchar_t /Zc:forScope /Fo"Debug\\" /Fd"Debug\vc100.pdb" /Gd /TP /analyze- /errorReport:prompt main.cpp
         main.cpp
     1>c:\chaoli\workstation\c_workspace\test\exc2\main.cpp(41): warning C4996: 'getch': The POSIX name for this item is deprecated. Instead, use the ISO C++ conformant name: _getch. See online help for details.
                 c:\program files\microsoft visual studio 10.0\vc\include\conio.h(128) : see declaration of 'getch'
       Link:
         c:\Program Files\Microsoft Visual Studio 10.0\VC\bin\link.exe /ERRORREPORT:PROMPT /OUT:"C:\ChaoLi\workstation\C_workspace\Test\Debug\Exc2.exe" /NOLOGO kernel32.lib user32.lib gdi32.lib winspool.lib comdlg32.lib advapi32.lib shell32.lib ole32.lib oleaut32.lib uuid.lib odbc32.lib odbccp32.lib /MANIFEST /ManifestFile:"Debug\Exc2.exe.intermediate.manifest" /MANIFESTUAC:"level='asInvoker' uiAccess='false'" /DEBUG /PDB:"C:\ChaoLi\workstation\C_workspace\Test\Debug\Exc2.pdb" /TLBID:1 /DYNAMICBASE /NXCOMPAT /IMPLIB:"C:\ChaoLi\workstation\C_workspace\Test\Debug\Exc2.lib" /MACHINE:X86 Debug\main.obj
         LINK : C:\ChaoLi\workstation\C_workspace\Test\Debug\Exc2.exe not found or not built by the last incremental link; performing full link
         Exc2.vcxproj -> C:\ChaoLi\workstation\C_workspace\Test\Debug\Exc2.exe
       Manifest:
         C:\Program Files\Microsoft SDKs\Windows\v7.0A\bin\mt.exe /nologo /verbose /outputresource:"C:\ChaoLi\workstation\C_workspace\Test\Debug\Exc2.exe;#1" /manifest Debug\Exc2.exe.intermediate.manifest
       FinalizeBuildStatus:
         Deleting file "Debug\Exc2.unsuccessfulbuild".
         Touching "Debug\Exc2.lastbuildstate".
     1>Done Building Project "C:\ChaoLi\workstation\C_workspace\Test\Exc2\Exc2.vcxproj" (build target(s)).

Build succeeded.

Time Elapsed 00:00:01.80
