C:\CHAOLI\WORKSTATION\C_WORKSPACE\TEST\DEBUG\RADIX_SORT.EXE
C:\CHAOLI\WORKSTATION\C_WORKSPACE\TEST\DEBUG\RADIX_SORT.ILK
C:\CHAOLI\WORKSTATION\C_WORKSPACE\TEST\DEBUG\RADIX_SORT.PDB
C:\ChaoLi\workstation\C_workspace\Test\Radix_Sort\Debug\cl.command.1.tlog
C:\ChaoLi\workstation\C_workspace\Test\Radix_Sort\Debug\CL.read.1.tlog
C:\ChaoLi\workstation\C_workspace\Test\Radix_Sort\Debug\CL.write.1.tlog
C:\ChaoLi\workstation\C_workspace\Test\Radix_Sort\Debug\link.command.1.tlog
C:\ChaoLi\workstation\C_workspace\Test\Radix_Sort\Debug\link.read.1.tlog
C:\ChaoLi\workstation\C_workspace\Test\Radix_Sort\Debug\link.write.1.tlog
C:\CHAOLI\WORKSTATION\C_WORKSPACE\TEST\RADIX_SORT\DEBUG\MAIN.OBJ
C:\ChaoLi\workstation\C_workspace\Test\Radix_Sort\Debug\mt.command.1.tlog
C:\ChaoLi\workstation\C_workspace\Test\Radix_Sort\Debug\mt.read.1.tlog
C:\ChaoLi\workstation\C_workspace\Test\Radix_Sort\Debug\mt.write.1.tlog
C:\CHAOLI\WORKSTATION\C_WORKSPACE\TEST\RADIX_SORT\DEBUG\RADIX_SORT.EXE.INTERMEDIATE.MANIFEST
C:\ChaoLi\workstation\C_workspace\Test\Radix_Sort\Debug\vc100.idb
C:\CHAOLI\WORKSTATION\C_WORKSPACE\TEST\RADIX_SORT\DEBUG\VC100.PDB
E:\C_WORKSPACE\TEST\DEBUG\RADIX_SORT.EXE
E:\C_WORKSPACE\TEST\DEBUG\RADIX_SORT.ILK
E:\C_WORKSPACE\TEST\DEBUG\RADIX_SORT.PDB
E:\C_WORKSPACE\TEST\RADIX_SORT\DEBUG\MAIN.OBJ
E:\C_WORKSPACE\TEST\RADIX_SORT\DEBUG\RADIX_SORT.EXE.INTERMEDIATE.MANIFEST
E:\C_WORKSPACE\TEST\RADIX_SORT\DEBUG\VC100.PDB
